<?xml version="1.0" encoding="UTF-8"?>
<beans xmlns="http://www.springframework.org/schema/beans"
    xmlns:xsi="http://www.w3.org/2001/XMLSchema-instance"
    xsi:schemaLocation="http://www.springframework.org/schema/beans
            http://www.springframework.org/schema/beans/spring-beans-3.0.xsd">
    <bean id="realConnectionMaker" class="dao.module.SimpleConnectionMaker" />
    <bean id="connectionMaker" class="dao.module.CountingConnectionMaker">
        <property name="connectionMaker" ref="realConnectionMaker" />
    </bean>

    <bean id="dataSource" class="org.springframework.jdbc.datasource.SimpleDriverDataSource">
        <property name="driverClass" value="com.mysql.jdbc.Driver" />
        <property name="url" value="jdbc:mysql://localhost/test-tobys" />
        <property name="username" value="root" />
        <property name="password" value="12345" />
    </bean>

<!--    <bean id="jdbcContext" class="dao.JdbcContext">-->
<!--        <property name="dataSource" ref="dataSource" />-->
<!--    </bean>-->

    <bean id="userDao" class="dao.UserDaoJdbc">
        <property name="dataSource" ref="dataSource" />
<!--        <property name="jdbcContext" ref="jdbcContext" />-->
    </bean>

    <bean id="userServiceImpl" class="user.service.UserServiceImpl">
        <property name="userDao" ref="userDao" />
        <property name="mailSender" ref="mailSender" />
    </bean>

    <bean id="userService" class="user.service.UserServiceTx">
        <property name="userService" ref="userServiceImpl" />
        <property name="transactionManager" ref="transactionManager" />
    </bean>

    <bean id="transactionManager"
          class="org.springframework.jdbc.datasource.DataSourceTransactionManager">
        <property name="dataSource" ref="dataSource" />
    </bean>

    <bean id="mailSender" class="user.service.DummyMailSender">
    </bean>
</beans>